Determining if the pthread_create exist failed with the following output:
Change Dir: /home/autolab/Desktop/TiEV/modules/Lux/CMakeFiles/CMakeTmp

Run Build Command:"/usr/bin/make" "cmTC_b23cb/fast"
/usr/bin/make -f CMakeFiles/cmTC_b23cb.dir/build.make CMakeFiles/cmTC_b23cb.dir/build
make[1]: Entering directory '/home/autolab/Desktop/TiEV/modules/Lux/CMakeFiles/CMakeTmp'
Building C object CMakeFiles/cmTC_b23cb.dir/CheckSymbolExists.c.o
/usr/bin/cc     -o CMakeFiles/cmTC_b23cb.dir/CheckSymbolExists.c.o   -c /home/autolab/Desktop/TiEV/modules/Lux/CMakeFiles/CMakeTmp/CheckSymbolExists.c
Linking C executable cmTC_b23cb
/usr/bin/cmake -E cmake_link_script CMakeFiles/cmTC_b23cb.dir/link.txt --verbose=1
/usr/bin/cc       CMakeFiles/cmTC_b23cb.dir/CheckSymbolExists.c.o  -o cmTC_b23cb -rdynamic 
CMakeFiles/cmTC_b23cb.dir/CheckSymbolExists.c.o: In function `main':
CheckSymbolExists.c:(.text+0x16): undefined reference to `pthread_create'
collect2: error: ld returned 1 exit status
CMakeFiles/cmTC_b23cb.dir/build.make:97: recipe for target 'cmTC_b23cb' failed
make[1]: *** [cmTC_b23cb] Error 1
make[1]: Leaving directory '/home/autolab/Desktop/TiEV/modules/Lux/CMakeFiles/CMakeTmp'
Makefile:126: recipe for target 'cmTC_b23cb/fast' failed
make: *** [cmTC_b23cb/fast] Error 2

File /home/autolab/Desktop/TiEV/modules/Lux/CMakeFiles/CMakeTmp/CheckSymbolExists.c:
/* */
#include <pthread.h>

int main(int argc, char** argv)
{
  (void)argv;
#ifndef pthread_create
  return ((int*)(&pthread_create))[argc];
#else
  (void)argc;
  return 0;
#endif
}

Determining if the function pthread_create exists in the pthreads failed with the following output:
Change Dir: /home/autolab/Desktop/TiEV/modules/Lux/CMakeFiles/CMakeTmp

Run Build Command:"/usr/bin/make" "cmTC_12512/fast"
/usr/bin/make -f CMakeFiles/cmTC_12512.dir/build.make CMakeFiles/cmTC_12512.dir/build
make[1]: Entering directory '/home/autolab/Desktop/TiEV/modules/Lux/CMakeFiles/CMakeTmp'
Building C object CMakeFiles/cmTC_12512.dir/CheckFunctionExists.c.o
/usr/bin/cc    -DCHECK_FUNCTION_EXISTS=pthread_create   -o CMakeFiles/cmTC_12512.dir/CheckFunctionExists.c.o   -c /usr/share/cmake-3.5/Modules/CheckFunctionExists.c
Linking C executable cmTC_12512
/usr/bin/cmake -E cmake_link_script CMakeFiles/cmTC_12512.dir/link.txt --verbose=1
/usr/bin/cc   -DCHECK_FUNCTION_EXISTS=pthread_create    CMakeFiles/cmTC_12512.dir/CheckFunctionExists.c.o  -o cmTC_12512 -rdynamic -lpthreads 
/usr/bin/ld: cannot find -lpthreads
collect2: error: ld returned 1 exit status
CMakeFiles/cmTC_12512.dir/build.make:97: recipe for target 'cmTC_12512' failed
make[1]: *** [cmTC_12512] Error 1
make[1]: Leaving directory '/home/autolab/Desktop/TiEV/modules/Lux/CMakeFiles/CMakeTmp'
Makefile:126: recipe for target 'cmTC_12512/fast' failed
make: *** [cmTC_12512/fast] Error 2


